<?xml version="1.0" encoding="utf-8"?><testsuites><testsuite name="pytest" errors="0" failures="0" skipped="0" tests="1" time="0.057" timestamp="2025-03-18T11:58:19.435886+01:00" hostname="mf.local"><testcase classname="tests.test_hello" name="test_hello" time="0.001" /></testsuite></testsuites>