<?xml version="1.0" encoding="utf-8"?><testsuites><testsuite name="pytest" errors="0" failures="0" skipped="0" tests="42" time="4.795" timestamp="2025-03-18T13:50:40.527708+01:00" hostname="mf.local"><testcase classname="tests.test_hello" name="test_hello" time="0.001" /><testcase classname="tests.unit.test_user_router.TestRegisterEndpoint" name="test_register_success" time="0.045" /><testcase classname="tests.unit.test_user_router.TestRegisterEndpoint" name="test_register_validation_error" time="0.012" /><testcase classname="tests.unit.test_user_router.TestRegisterEndpoint" name="test_register_conflict_error" time="0.012" /><testcase classname="tests.unit.test_user_router.TestGetUserEndpoints" name="test_get_user_by_id_success" time="0.013" /><testcase classname="tests.unit.test_user_router.TestGetUserEndpoints" name="test_get_user_by_id_not_found" time="0.012" /><testcase classname="tests.unit.test_user_router.TestGetUserEndpoints" name="test_get_user_by_email_success" time="0.013" /><testcase classname="tests.unit.test_user_router.TestGetUserEndpoints" name="test_get_user_by_email_invalid_format" time="0.012" /><testcase classname="tests.unit.test_user_router.TestGetUserEndpoints" name="test_get_user_by_username_success" time="0.012" /><testcase classname="tests.unit.test_user_router.TestListUsersEndpoint" name="test_list_users_success" time="0.013" /><testcase classname="tests.unit.test_user_router.TestListUsersEndpoint" name="test_list_users_pagination" time="0.012" /><testcase classname="tests.unit.test_user_router.TestListUsersEndpoint" name="test_list_users_negative_skip" time="0.011" /><testcase classname="tests.unit.test_user_router.TestListUsersEndpoint" name="test_list_users_too_large_limit" time="0.012" /><testcase classname="tests.unit.test_user_router.TestUpdateUserEndpoint" name="test_update_user_success" time="0.016" /><testcase classname="tests.unit.test_user_router.TestUpdateUserEndpoint" name="test_update_user_not_found" time="0.037" /><testcase classname="tests.unit.test_user_router.TestUpdateUserEndpoint" name="test_update_user_conflict" time="0.013" /><testcase classname="tests.unit.test_user_router.TestUpdateUserEndpoint" name="test_update_user_invalid_email" time="0.013" /><testcase classname="tests.unit.test_user_router.TestDeleteUserEndpoint" name="test_delete_user_success" time="0.014" /><testcase classname="tests.unit.test_user_router.TestDeleteUserEndpoint" name="test_delete_user_not_found" time="0.014" /><testcase classname="tests.unit.test_user_service.TestRegisterUser" name="test_register_user_success" time="0.255" /><testcase classname="tests.unit.test_user_service.TestRegisterUser" name="test_register_user_email_conflict" time="0.246" /><testcase classname="tests.unit.test_user_service.TestRegisterUser" name="test_register_user_username_conflict" time="0.241" /><testcase classname="tests.unit.test_user_service.TestGetUser" name="test_get_user_by_id_success" time="0.239" /><testcase classname="tests.unit.test_user_service.TestGetUser" name="test_get_user_by_id_not_found" time="0.002" /><testcase classname="tests.unit.test_user_service.TestGetUser" name="test_get_user_by_email_success" time="0.237" /><testcase classname="tests.unit.test_user_service.TestGetUser" name="test_get_user_by_email_not_found" time="0.002" /><testcase classname="tests.unit.test_user_service.TestGetUser" name="test_get_user_by_username_success" time="0.237" /><testcase classname="tests.unit.test_user_service.TestGetUser" name="test_get_user_by_username_not_found" time="0.002" /><testcase classname="tests.unit.test_user_service.TestListUsers" name="test_list_users_empty" time="0.004" /><testcase classname="tests.unit.test_user_service.TestListUsers" name="test_list_users_single" time="0.238" /><testcase classname="tests.unit.test_user_service.TestListUsers" name="test_list_users_multiple" time="0.238" /><testcase classname="tests.unit.test_user_service.TestListUsers" name="test_list_users_pagination" time="0.240" /><testcase classname="tests.unit.test_user_service.TestUpdateUser" name="test_update_user_email" time="0.239" /><testcase classname="tests.unit.test_user_service.TestUpdateUser" name="test_update_user_username" time="0.238" /><testcase classname="tests.unit.test_user_service.TestUpdateUser" name="test_update_user_password" time="0.470" /><testcase classname="tests.unit.test_user_service.TestUpdateUser" name="test_update_user_active_status" time="0.238" /><testcase classname="tests.unit.test_user_service.TestUpdateUser" name="test_update_user_not_found" time="0.002" /><testcase classname="tests.unit.test_user_service.TestUpdateUser" name="test_update_user_email_conflict" time="0.238" /><testcase classname="tests.unit.test_user_service.TestUpdateUser" name="test_update_user_username_conflict" time="0.237" /><testcase classname="tests.unit.test_user_service.TestUpdateUser" name="test_update_user_no_changes" time="0.239" /><testcase classname="tests.unit.test_user_service.TestDeleteUser" name="test_delete_user_success" time="0.238" /><testcase classname="tests.unit.test_user_service.TestDeleteUser" name="test_delete_user_not_found" time="0.003" /></testsuite></testsuites>