<?xml version="1.0" encoding="utf-8"?><testsuites><testsuite name="pytest" errors="0" failures="0" skipped="36" tests="91" time="9.646" timestamp="2025-03-18T20:50:20.009032+01:00" hostname="mf.local"><testcase classname="tests.integration.test_user_api.TestUserRegistrationAPI" name="test_register_success" time="0.000"><skipped type="pytest.skip" message="Skipping entire file. Implement authentication.">/Users/marcelfenerich/Code/hapimag/booking-monorepo/packages/services/users/tests/integration/test_user_api.py:28: Skipping entire file. Implement authentication.</skipped></testcase><testcase classname="tests.integration.test_user_api.TestUserRegistrationAPI" name="test_register_duplicate_email" time="0.000"><skipped type="pytest.skip" message="Skipping entire file. Implement authentication.">/Users/marcelfenerich/Code/hapimag/booking-monorepo/packages/services/users/tests/integration/test_user_api.py:46: Skipping entire file. Implement authentication.</skipped></testcase><testcase classname="tests.integration.test_user_api.TestUserRegistrationAPI" name="test_register_duplicate_username" time="0.000"><skipped type="pytest.skip" message="Skipping entire file. Implement authentication.">/Users/marcelfenerich/Code/hapimag/booking-monorepo/packages/services/users/tests/integration/test_user_api.py:62: Skipping entire file. Implement authentication.</skipped></testcase><testcase classname="tests.integration.test_user_api.TestUserRegistrationAPI" name="test_register_invalid_email" time="0.000"><skipped type="pytest.skip" message="Skipping entire file. Implement authentication.">/Users/marcelfenerich/Code/hapimag/booking-monorepo/packages/services/users/tests/integration/test_user_api.py:78: Skipping entire file. Implement authentication.</skipped></testcase><testcase classname="tests.integration.test_user_api.TestGetUserAPI" name="test_get_user_by_id" time="0.000"><skipped type="pytest.skip" message="Skipping entire file. Implement authentication.">/Users/marcelfenerich/Code/hapimag/booking-monorepo/packages/services/users/tests/integration/test_user_api.py:102: Skipping entire file. Implement authentication.</skipped></testcase><testcase classname="tests.integration.test_user_api.TestGetUserAPI" name="test_get_user_not_found" time="0.000"><skipped type="pytest.skip" message="Skipping entire file. Implement authentication.">/Users/marcelfenerich/Code/hapimag/booking-monorepo/packages/services/users/tests/integration/test_user_api.py:116: Skipping entire file. Implement authentication.</skipped></testcase><testcase classname="tests.integration.test_user_api.TestGetUserAPI" name="test_get_user_by_email" time="0.000"><skipped type="pytest.skip" message="Skipping entire file. Implement authentication.">/Users/marcelfenerich/Code/hapimag/booking-monorepo/packages/services/users/tests/integration/test_user_api.py:126: Skipping entire file. Implement authentication.</skipped></testcase><testcase classname="tests.integration.test_user_api.TestGetUserAPI" name="test_get_user_by_email_not_found" time="0.000"><skipped type="pytest.skip" message="Skipping entire file. Implement authentication.">/Users/marcelfenerich/Code/hapimag/booking-monorepo/packages/services/users/tests/integration/test_user_api.py:137: Skipping entire file. Implement authentication.</skipped></testcase><testcase classname="tests.integration.test_user_api.TestGetUserAPI" name="test_get_user_by_username" time="0.000"><skipped type="pytest.skip" message="Skipping entire file. Implement authentication.">/Users/marcelfenerich/Code/hapimag/booking-monorepo/packages/services/users/tests/integration/test_user_api.py:146: Skipping entire file. Implement authentication.</skipped></testcase><testcase classname="tests.integration.test_user_api.TestListUsersAPI" name="test_list_users" time="0.000"><skipped type="pytest.skip" message="Skipping entire file. Implement authentication.">/Users/marcelfenerich/Code/hapimag/booking-monorepo/packages/services/users/tests/integration/test_user_api.py:161: Skipping entire file. Implement authentication.</skipped></testcase><testcase classname="tests.integration.test_user_api.TestListUsersAPI" name="test_list_users_pagination" time="0.000"><skipped type="pytest.skip" message="Skipping entire file. Implement authentication.">/Users/marcelfenerich/Code/hapimag/booking-monorepo/packages/services/users/tests/integration/test_user_api.py:187: Skipping entire file. Implement authentication.</skipped></testcase><testcase classname="tests.integration.test_user_api.TestUpdateUserAPI" name="test_update_user_email" time="0.000"><skipped type="pytest.skip" message="Skipping entire file. Implement authentication.">/Users/marcelfenerich/Code/hapimag/booking-monorepo/packages/services/users/tests/integration/test_user_api.py:223: Skipping entire file. Implement authentication.</skipped></testcase><testcase classname="tests.integration.test_user_api.TestUpdateUserAPI" name="test_update_user_username" time="0.000"><skipped type="pytest.skip" message="Skipping entire file. Implement authentication.">/Users/marcelfenerich/Code/hapimag/booking-monorepo/packages/services/users/tests/integration/test_user_api.py:237: Skipping entire file. Implement authentication.</skipped></testcase><testcase classname="tests.integration.test_user_api.TestUpdateUserAPI" name="test_update_user_active_status" time="0.000"><skipped type="pytest.skip" message="Skipping entire file. Implement authentication.">/Users/marcelfenerich/Code/hapimag/booking-monorepo/packages/services/users/tests/integration/test_user_api.py:251: Skipping entire file. Implement authentication.</skipped></testcase><testcase classname="tests.integration.test_user_api.TestUpdateUserAPI" name="test_update_user_not_found" time="0.000"><skipped type="pytest.skip" message="Skipping entire file. Implement authentication.">/Users/marcelfenerich/Code/hapimag/booking-monorepo/packages/services/users/tests/integration/test_user_api.py:264: Skipping entire file. Implement authentication.</skipped></testcase><testcase classname="tests.integration.test_user_api.TestUpdateUserAPI" name="test_update_user_email_conflict" time="0.000"><skipped type="pytest.skip" message="Skipping entire file. Implement authentication.">/Users/marcelfenerich/Code/hapimag/booking-monorepo/packages/services/users/tests/integration/test_user_api.py:277: Skipping entire file. Implement authentication.</skipped></testcase><testcase classname="tests.integration.test_user_api.TestDeleteUserAPI" name="test_delete_user" time="0.000"><skipped type="pytest.skip" message="Skipping entire file. Implement authentication.">/Users/marcelfenerich/Code/hapimag/booking-monorepo/packages/services/users/tests/integration/test_user_api.py:303: Skipping entire file. Implement authentication.</skipped></testcase><testcase classname="tests.integration.test_user_api.TestDeleteUserAPI" name="test_delete_user_not_found" time="0.000"><skipped type="pytest.skip" message="Skipping entire file. Implement authentication.">/Users/marcelfenerich/Code/hapimag/booking-monorepo/packages/services/users/tests/integration/test_user_api.py:316: Skipping entire file. Implement authentication.</skipped></testcase><testcase classname="tests.integration.test_user_db.TestUserDatabaseRetrieval" name="test_get_user_by_id" time="0.274" /><testcase classname="tests.integration.test_user_db.TestUserDatabaseRetrieval" name="test_get_user_by_id_not_found" time="0.003" /><testcase classname="tests.integration.test_user_db.TestUserDatabaseRetrieval" name="test_get_user_by_email" time="0.245" /><testcase classname="tests.integration.test_user_db.TestUserDatabaseRetrieval" name="test_get_user_by_email_not_found" time="0.003" /><testcase classname="tests.integration.test_user_db.TestUserDatabaseRetrieval" name="test_get_user_by_username" time="0.253" /><testcase classname="tests.integration.test_user_db.TestUserDatabaseRetrieval" name="test_get_user_by_username_not_found" time="0.006" /><testcase classname="tests.integration.test_user_db.TestUserDatabaseUpdate" name="test_update_user_email" time="0.244" /><testcase classname="tests.integration.test_user_db.TestUserDatabaseUpdate" name="test_update_user_username" time="0.240" /><testcase classname="tests.integration.test_user_db.TestUserDatabaseUpdate" name="test_update_user_password" time="0.708" /><testcase classname="tests.integration.test_user_db.TestUserDatabaseUpdate" name="test_update_user_active_status" time="0.240" /><testcase classname="tests.integration.test_user_db.TestUserDatabaseUpdate" name="test_update_user_multiple_fields" time="0.240" /><testcase classname="tests.integration.test_user_db.TestUserDatabaseUpdate" name="test_update_user_no_changes" time="0.238" /><testcase classname="tests.integration.test_user_db.TestUserDatabaseUpdate" name="test_update_user_not_found" time="0.002" /><testcase classname="tests.integration.test_user_db.TestUserDatabaseUpdate" name="test_update_user_email_conflict" time="0.239" /><testcase classname="tests.integration.test_user_db.TestUserDatabaseUpdate" name="test_update_user_username_conflict" time="0.238" /><testcase classname="tests.unit.test_repository" name="test_repository_singleton" time="0.000" /><testcase classname="tests.unit.test_repository.TestUserRepository" name="test_create" time="0.002" /><testcase classname="tests.unit.test_repository.TestUserRepository" name="test_get" time="0.238" /><testcase classname="tests.unit.test_repository.TestUserRepository" name="test_get_nonexistent" time="0.002" /><testcase classname="tests.unit.test_repository.TestUserRepository" name="test_get_by_email" time="0.237" /><testcase classname="tests.unit.test_repository.TestUserRepository" name="test_get_by_email_nonexistent" time="0.002" /><testcase classname="tests.unit.test_repository.TestUserRepository" name="test_get_by_username" time="0.236" /><testcase classname="tests.unit.test_repository.TestUserRepository" name="test_get_by_username_nonexistent" time="0.002" /><testcase classname="tests.unit.test_repository.TestUserRepository" name="test_list" time="0.240" /><testcase classname="tests.unit.test_repository.TestUserRepository" name="test_list_with_pagination" time="0.241" /><testcase classname="tests.unit.test_repository.TestUserRepository" name="test_list_with_custom_query" time="0.239" /><testcase classname="tests.unit.test_repository.TestUserRepository" name="test_count" time="0.005" /><testcase classname="tests.unit.test_repository.TestUserRepository" name="test_count_with_query" time="0.005" /><testcase classname="tests.unit.test_repository.TestUserRepository" name="test_update" time="0.238" /><testcase classname="tests.unit.test_repository.TestUserRepository" name="test_update_nonexistent" time="0.003" /><testcase classname="tests.unit.test_repository.TestUserRepository" name="test_delete" time="0.237" /><testcase classname="tests.unit.test_repository.TestUserRepository" name="test_delete_nonexistent" time="0.002" /><testcase classname="tests.unit.test_user_router.TestRegisterEndpoint" name="test_register_success" time="0.000"><skipped type="pytest.skip" message="Skipping entire file. Implement authentication.">/Users/marcelfenerich/Code/hapimag/booking-monorepo/packages/services/users/tests/unit/test_user_router.py:42: Skipping entire file. Implement authentication.</skipped></testcase><testcase classname="tests.unit.test_user_router.TestRegisterEndpoint" name="test_register_validation_error" time="0.000"><skipped type="pytest.skip" message="Skipping entire file. Implement authentication.">/Users/marcelfenerich/Code/hapimag/booking-monorepo/packages/services/users/tests/unit/test_user_router.py:66: Skipping entire file. Implement authentication.</skipped></testcase><testcase classname="tests.unit.test_user_router.TestRegisterEndpoint" name="test_register_conflict_error" time="0.000"><skipped type="pytest.skip" message="Skipping entire file. Implement authentication.">/Users/marcelfenerich/Code/hapimag/booking-monorepo/packages/services/users/tests/unit/test_user_router.py:85: Skipping entire file. Implement authentication.</skipped></testcase><testcase classname="tests.unit.test_user_router.TestGetUserEndpoints" name="test_get_user_by_id_success" time="0.000"><skipped type="pytest.skip" message="Skipping entire file. Implement authentication.">/Users/marcelfenerich/Code/hapimag/booking-monorepo/packages/services/users/tests/unit/test_user_router.py:115: Skipping entire file. Implement authentication.</skipped></testcase><testcase classname="tests.unit.test_user_router.TestGetUserEndpoints" name="test_get_user_by_id_not_found" time="0.000"><skipped type="pytest.skip" message="Skipping entire file. Implement authentication.">/Users/marcelfenerich/Code/hapimag/booking-monorepo/packages/services/users/tests/unit/test_user_router.py:141: Skipping entire file. Implement authentication.</skipped></testcase><testcase classname="tests.unit.test_user_router.TestGetUserEndpoints" name="test_get_user_by_email_success" time="0.000"><skipped type="pytest.skip" message="Skipping entire file. Implement authentication.">/Users/marcelfenerich/Code/hapimag/booking-monorepo/packages/services/users/tests/unit/test_user_router.py:163: Skipping entire file. Implement authentication.</skipped></testcase><testcase classname="tests.unit.test_user_router.TestGetUserEndpoints" name="test_get_user_by_email_invalid_format" time="0.000"><skipped type="pytest.skip" message="Skipping entire file. Implement authentication.">/Users/marcelfenerich/Code/hapimag/booking-monorepo/packages/services/users/tests/unit/test_user_router.py:184: Skipping entire file. Implement authentication.</skipped></testcase><testcase classname="tests.unit.test_user_router.TestGetUserEndpoints" name="test_get_user_by_username_success" time="0.000"><skipped type="pytest.skip" message="Skipping entire file. Implement authentication.">/Users/marcelfenerich/Code/hapimag/booking-monorepo/packages/services/users/tests/unit/test_user_router.py:203: Skipping entire file. Implement authentication.</skipped></testcase><testcase classname="tests.unit.test_user_router.TestListUsersEndpoint" name="test_list_users_success" time="0.000"><skipped type="pytest.skip" message="Skipping entire file. Implement authentication.">/Users/marcelfenerich/Code/hapimag/booking-monorepo/packages/services/users/tests/unit/test_user_router.py:228: Skipping entire file. Implement authentication.</skipped></testcase><testcase classname="tests.unit.test_user_router.TestListUsersEndpoint" name="test_list_users_pagination" time="0.000"><skipped type="pytest.skip" message="Skipping entire file. Implement authentication.">/Users/marcelfenerich/Code/hapimag/booking-monorepo/packages/services/users/tests/unit/test_user_router.py:253: Skipping entire file. Implement authentication.</skipped></testcase><testcase classname="tests.unit.test_user_router.TestListUsersEndpoint" name="test_list_users_negative_skip" time="0.000"><skipped type="pytest.skip" message="Skipping entire file. Implement authentication.">/Users/marcelfenerich/Code/hapimag/booking-monorepo/packages/services/users/tests/unit/test_user_router.py:279: Skipping entire file. Implement authentication.</skipped></testcase><testcase classname="tests.unit.test_user_router.TestListUsersEndpoint" name="test_list_users_too_large_limit" time="0.000"><skipped type="pytest.skip" message="Skipping entire file. Implement authentication.">/Users/marcelfenerich/Code/hapimag/booking-monorepo/packages/services/users/tests/unit/test_user_router.py:292: Skipping entire file. Implement authentication.</skipped></testcase><testcase classname="tests.unit.test_user_router.TestUpdateUserEndpoint" name="test_update_user_success" time="0.000"><skipped type="pytest.skip" message="Skipping entire file. Implement authentication.">/Users/marcelfenerich/Code/hapimag/booking-monorepo/packages/services/users/tests/unit/test_user_router.py:311: Skipping entire file. Implement authentication.</skipped></testcase><testcase classname="tests.unit.test_user_router.TestUpdateUserEndpoint" name="test_update_user_not_found" time="0.000"><skipped type="pytest.skip" message="Skipping entire file. Implement authentication.">/Users/marcelfenerich/Code/hapimag/booking-monorepo/packages/services/users/tests/unit/test_user_router.py:336: Skipping entire file. Implement authentication.</skipped></testcase><testcase classname="tests.unit.test_user_router.TestUpdateUserEndpoint" name="test_update_user_conflict" time="0.000"><skipped type="pytest.skip" message="Skipping entire file. Implement authentication.">/Users/marcelfenerich/Code/hapimag/booking-monorepo/packages/services/users/tests/unit/test_user_router.py:361: Skipping entire file. Implement authentication.</skipped></testcase><testcase classname="tests.unit.test_user_router.TestUpdateUserEndpoint" name="test_update_user_invalid_email" time="0.000"><skipped type="pytest.skip" message="Skipping entire file. Implement authentication.">/Users/marcelfenerich/Code/hapimag/booking-monorepo/packages/services/users/tests/unit/test_user_router.py:386: Skipping entire file. Implement authentication.</skipped></testcase><testcase classname="tests.unit.test_user_router.TestDeleteUserEndpoint" name="test_delete_user_success" time="0.000"><skipped type="pytest.skip" message="Skipping entire file. Implement authentication.">/Users/marcelfenerich/Code/hapimag/booking-monorepo/packages/services/users/tests/unit/test_user_router.py:409: Skipping entire file. Implement authentication.</skipped></testcase><testcase classname="tests.unit.test_user_router.TestDeleteUserEndpoint" name="test_delete_user_not_found" time="0.000"><skipped type="pytest.skip" message="Skipping entire file. Implement authentication.">/Users/marcelfenerich/Code/hapimag/booking-monorepo/packages/services/users/tests/unit/test_user_router.py:437: Skipping entire file. Implement authentication.</skipped></testcase><testcase classname="tests.unit.test_user_service.TestRegisterUser" name="test_register_user_success" time="0.236" /><testcase classname="tests.unit.test_user_service.TestRegisterUser" name="test_register_user_email_conflict" time="0.238" /><testcase classname="tests.unit.test_user_service.TestRegisterUser" name="test_register_user_username_conflict" time="0.238" /><testcase classname="tests.unit.test_user_service.TestGetUser" name="test_get_user_by_id_success" time="0.237" /><testcase classname="tests.unit.test_user_service.TestGetUser" name="test_get_user_by_id_not_found" time="0.002" /><testcase classname="tests.unit.test_user_service.TestGetUser" name="test_get_user_by_email_success" time="0.238" /><testcase classname="tests.unit.test_user_service.TestGetUser" name="test_get_user_by_email_not_found" time="0.002" /><testcase classname="tests.unit.test_user_service.TestGetUser" name="test_get_user_by_username_success" time="0.238" /><testcase classname="tests.unit.test_user_service.TestGetUser" name="test_get_user_by_username_not_found" time="0.002" /><testcase classname="tests.unit.test_user_service.TestListUsers" name="test_list_users_empty" time="0.003" /><testcase classname="tests.unit.test_user_service.TestListUsers" name="test_list_users_single" time="0.239" /><testcase classname="tests.unit.test_user_service.TestListUsers" name="test_list_users_multiple" time="0.238" /><testcase classname="tests.unit.test_user_service.TestListUsers" name="test_list_users_pagination" time="0.241" /><testcase classname="tests.unit.test_user_service.TestUpdateUser" name="test_update_user_email" time="0.285" /><testcase classname="tests.unit.test_user_service.TestUpdateUser" name="test_update_user_username" time="0.239" /><testcase classname="tests.unit.test_user_service.TestUpdateUser" name="test_update_user_password" time="0.471" /><testcase classname="tests.unit.test_user_service.TestUpdateUser" name="test_update_user_active_status" time="0.239" /><testcase classname="tests.unit.test_user_service.TestUpdateUser" name="test_update_user_not_found" time="0.002" /><testcase classname="tests.unit.test_user_service.TestUpdateUser" name="test_update_user_email_conflict" time="0.238" /><testcase classname="tests.unit.test_user_service.TestUpdateUser" name="test_update_user_username_conflict" time="0.239" /><testcase classname="tests.unit.test_user_service.TestUpdateUser" name="test_update_user_no_changes" time="0.237" /><testcase classname="tests.unit.test_user_service.TestDeleteUser" name="test_delete_user_success" time="0.239" /><testcase classname="tests.unit.test_user_service.TestDeleteUser" name="test_delete_user_not_found" time="0.004" /></testsuite></testsuites>