<?xml version="1.0" encoding="utf-8"?><testsuites><testsuite name="pytest" errors="0" failures="0" skipped="0" tests="91" time="12.975" timestamp="2025-03-18T14:49:05.708195+01:00" hostname="mf.local"><testcase classname="tests.integration.test_user_api.TestUserRegistrationAPI" name="test_register_success" time="0.287" /><testcase classname="tests.integration.test_user_api.TestUserRegistrationAPI" name="test_register_duplicate_email" time="0.256" /><testcase classname="tests.integration.test_user_api.TestUserRegistrationAPI" name="test_register_duplicate_username" time="0.250" /><testcase classname="tests.integration.test_user_api.TestUserRegistrationAPI" name="test_register_invalid_email" time="0.013" /><testcase classname="tests.integration.test_user_api.TestGetUserAPI" name="test_get_user_by_id" time="0.250" /><testcase classname="tests.integration.test_user_api.TestGetUserAPI" name="test_get_user_not_found" time="0.011" /><testcase classname="tests.integration.test_user_api.TestGetUserAPI" name="test_get_user_by_email" time="0.247" /><testcase classname="tests.integration.test_user_api.TestGetUserAPI" name="test_get_user_by_email_not_found" time="0.012" /><testcase classname="tests.integration.test_user_api.TestGetUserAPI" name="test_get_user_by_username" time="0.248" /><testcase classname="tests.integration.test_user_api.TestListUsersAPI" name="test_list_users" time="0.253" /><testcase classname="tests.integration.test_user_api.TestListUsersAPI" name="test_list_users_pagination" time="0.022" /><testcase classname="tests.integration.test_user_api.TestUpdateUserAPI" name="test_update_user_email" time="0.277" /><testcase classname="tests.integration.test_user_api.TestUpdateUserAPI" name="test_update_user_username" time="0.249" /><testcase classname="tests.integration.test_user_api.TestUpdateUserAPI" name="test_update_user_active_status" time="0.249" /><testcase classname="tests.integration.test_user_api.TestUpdateUserAPI" name="test_update_user_not_found" time="0.012" /><testcase classname="tests.integration.test_user_api.TestUpdateUserAPI" name="test_update_user_email_conflict" time="0.250" /><testcase classname="tests.integration.test_user_api.TestDeleteUserAPI" name="test_delete_user" time="0.251" /><testcase classname="tests.integration.test_user_api.TestDeleteUserAPI" name="test_delete_user_not_found" time="0.011" /><testcase classname="tests.integration.test_user_db.TestUserDatabaseRetrieval" name="test_get_user_by_id" time="0.237" /><testcase classname="tests.integration.test_user_db.TestUserDatabaseRetrieval" name="test_get_user_by_id_not_found" time="0.002" /><testcase classname="tests.integration.test_user_db.TestUserDatabaseRetrieval" name="test_get_user_by_email" time="0.238" /><testcase classname="tests.integration.test_user_db.TestUserDatabaseRetrieval" name="test_get_user_by_email_not_found" time="0.003" /><testcase classname="tests.integration.test_user_db.TestUserDatabaseRetrieval" name="test_get_user_by_username" time="0.237" /><testcase classname="tests.integration.test_user_db.TestUserDatabaseRetrieval" name="test_get_user_by_username_not_found" time="0.002" /><testcase classname="tests.integration.test_user_db.TestUserDatabaseUpdate" name="test_update_user_email" time="0.238" /><testcase classname="tests.integration.test_user_db.TestUserDatabaseUpdate" name="test_update_user_username" time="0.238" /><testcase classname="tests.integration.test_user_db.TestUserDatabaseUpdate" name="test_update_user_password" time="0.705" /><testcase classname="tests.integration.test_user_db.TestUserDatabaseUpdate" name="test_update_user_active_status" time="0.238" /><testcase classname="tests.integration.test_user_db.TestUserDatabaseUpdate" name="test_update_user_multiple_fields" time="0.239" /><testcase classname="tests.integration.test_user_db.TestUserDatabaseUpdate" name="test_update_user_no_changes" time="0.238" /><testcase classname="tests.integration.test_user_db.TestUserDatabaseUpdate" name="test_update_user_not_found" time="0.002" /><testcase classname="tests.integration.test_user_db.TestUserDatabaseUpdate" name="test_update_user_email_conflict" time="0.238" /><testcase classname="tests.integration.test_user_db.TestUserDatabaseUpdate" name="test_update_user_username_conflict" time="0.238" /><testcase classname="tests.unit.test_repository" name="test_repository_singleton" time="0.000" /><testcase classname="tests.unit.test_repository.TestUserRepository" name="test_create" time="0.002" /><testcase classname="tests.unit.test_repository.TestUserRepository" name="test_get" time="0.237" /><testcase classname="tests.unit.test_repository.TestUserRepository" name="test_get_nonexistent" time="0.002" /><testcase classname="tests.unit.test_repository.TestUserRepository" name="test_get_by_email" time="0.237" /><testcase classname="tests.unit.test_repository.TestUserRepository" name="test_get_by_email_nonexistent" time="0.002" /><testcase classname="tests.unit.test_repository.TestUserRepository" name="test_get_by_username" time="0.237" /><testcase classname="tests.unit.test_repository.TestUserRepository" name="test_get_by_username_nonexistent" time="0.002" /><testcase classname="tests.unit.test_repository.TestUserRepository" name="test_list" time="0.239" /><testcase classname="tests.unit.test_repository.TestUserRepository" name="test_list_with_pagination" time="0.241" /><testcase classname="tests.unit.test_repository.TestUserRepository" name="test_list_with_custom_query" time="0.239" /><testcase classname="tests.unit.test_repository.TestUserRepository" name="test_count" time="0.003" /><testcase classname="tests.unit.test_repository.TestUserRepository" name="test_count_with_query" time="0.005" /><testcase classname="tests.unit.test_repository.TestUserRepository" name="test_update" time="0.238" /><testcase classname="tests.unit.test_repository.TestUserRepository" name="test_update_nonexistent" time="0.003" /><testcase classname="tests.unit.test_repository.TestUserRepository" name="test_delete" time="0.237" /><testcase classname="tests.unit.test_repository.TestUserRepository" name="test_delete_nonexistent" time="0.002" /><testcase classname="tests.unit.test_user_router.TestRegisterEndpoint" name="test_register_success" time="0.019" /><testcase classname="tests.unit.test_user_router.TestRegisterEndpoint" name="test_register_validation_error" time="0.011" /><testcase classname="tests.unit.test_user_router.TestRegisterEndpoint" name="test_register_conflict_error" time="0.013" /><testcase classname="tests.unit.test_user_router.TestGetUserEndpoints" name="test_get_user_by_id_success" time="0.011" /><testcase classname="tests.unit.test_user_router.TestGetUserEndpoints" name="test_get_user_by_id_not_found" time="0.011" /><testcase classname="tests.unit.test_user_router.TestGetUserEndpoints" name="test_get_user_by_email_success" time="0.012" /><testcase classname="tests.unit.test_user_router.TestGetUserEndpoints" name="test_get_user_by_email_invalid_format" time="0.012" /><testcase classname="tests.unit.test_user_router.TestGetUserEndpoints" name="test_get_user_by_username_success" time="0.012" /><testcase classname="tests.unit.test_user_router.TestListUsersEndpoint" name="test_list_users_success" time="0.012" /><testcase classname="tests.unit.test_user_router.TestListUsersEndpoint" name="test_list_users_pagination" time="0.012" /><testcase classname="tests.unit.test_user_router.TestListUsersEndpoint" name="test_list_users_negative_skip" time="0.011" /><testcase classname="tests.unit.test_user_router.TestListUsersEndpoint" name="test_list_users_too_large_limit" time="0.011" /><testcase classname="tests.unit.test_user_router.TestUpdateUserEndpoint" name="test_update_user_success" time="0.012" /><testcase classname="tests.unit.test_user_router.TestUpdateUserEndpoint" name="test_update_user_not_found" time="0.012" /><testcase classname="tests.unit.test_user_router.TestUpdateUserEndpoint" name="test_update_user_conflict" time="0.013" /><testcase classname="tests.unit.test_user_router.TestUpdateUserEndpoint" name="test_update_user_invalid_email" time="0.011" /><testcase classname="tests.unit.test_user_router.TestDeleteUserEndpoint" name="test_delete_user_success" time="0.011" /><testcase classname="tests.unit.test_user_router.TestDeleteUserEndpoint" name="test_delete_user_not_found" time="0.011" /><testcase classname="tests.unit.test_user_service.TestRegisterUser" name="test_register_user_success" time="0.280" /><testcase classname="tests.unit.test_user_service.TestRegisterUser" name="test_register_user_email_conflict" time="0.237" /><testcase classname="tests.unit.test_user_service.TestRegisterUser" name="test_register_user_username_conflict" time="0.239" /><testcase classname="tests.unit.test_user_service.TestGetUser" name="test_get_user_by_id_success" time="0.237" /><testcase classname="tests.unit.test_user_service.TestGetUser" name="test_get_user_by_id_not_found" time="0.002" /><testcase classname="tests.unit.test_user_service.TestGetUser" name="test_get_user_by_email_success" time="0.237" /><testcase classname="tests.unit.test_user_service.TestGetUser" name="test_get_user_by_email_not_found" time="0.002" /><testcase classname="tests.unit.test_user_service.TestGetUser" name="test_get_user_by_username_success" time="0.238" /><testcase classname="tests.unit.test_user_service.TestGetUser" name="test_get_user_by_username_not_found" time="0.002" /><testcase classname="tests.unit.test_user_service.TestListUsers" name="test_list_users_empty" time="0.003" /><testcase classname="tests.unit.test_user_service.TestListUsers" name="test_list_users_single" time="0.237" /><testcase classname="tests.unit.test_user_service.TestListUsers" name="test_list_users_multiple" time="0.238" /><testcase classname="tests.unit.test_user_service.TestListUsers" name="test_list_users_pagination" time="0.240" /><testcase classname="tests.unit.test_user_service.TestUpdateUser" name="test_update_user_email" time="0.239" /><testcase classname="tests.unit.test_user_service.TestUpdateUser" name="test_update_user_username" time="0.238" /><testcase classname="tests.unit.test_user_service.TestUpdateUser" name="test_update_user_password" time="0.471" /><testcase classname="tests.unit.test_user_service.TestUpdateUser" name="test_update_user_active_status" time="0.238" /><testcase classname="tests.unit.test_user_service.TestUpdateUser" name="test_update_user_not_found" time="0.002" /><testcase classname="tests.unit.test_user_service.TestUpdateUser" name="test_update_user_email_conflict" time="0.238" /><testcase classname="tests.unit.test_user_service.TestUpdateUser" name="test_update_user_username_conflict" time="0.238" /><testcase classname="tests.unit.test_user_service.TestUpdateUser" name="test_update_user_no_changes" time="0.238" /><testcase classname="tests.unit.test_user_service.TestDeleteUser" name="test_delete_user_success" time="0.237" /><testcase classname="tests.unit.test_user_service.TestDeleteUser" name="test_delete_user_not_found" time="0.004" /></testsuite></testsuites>